<?xml version="1.0" encoding="UTF-8"?>
<coverage generated="1671597111373" clover="3.2.0">
  <project timestamp="1671597111373" name="All files">
    <metrics statements="40" coveredstatements="36" conditionals="41" coveredconditionals="35" methods="11" coveredmethods="9" elements="92" coveredelements="80" complexity="0" loc="40" ncloc="40" packages="1" files="2" classes="2"/>
    <file name="constants.ts" path="C:\Users\LENOVO\work\propine\blockchain-node\src\constants.ts">
      <metrics statements="6" coveredstatements="6" conditionals="12" coveredconditionals="9" methods="0" coveredmethods="0"/>
      <line num="1" count="1" type="stmt"/>
      <line num="2" count="1" type="stmt"/>
      <line num="4" count="1" type="stmt"/>
      <line num="6" count="1" type="cond" truecount="3" falsecount="1"/>
      <line num="7" count="1" type="cond" truecount="3" falsecount="1"/>
      <line num="8" count="1" type="cond" truecount="3" falsecount="1"/>
    </file>
    <file name="utils.ts" path="C:\Users\LENOVO\work\propine\blockchain-node\src\utils.ts">
      <metrics statements="34" coveredstatements="30" conditionals="29" coveredconditionals="26" methods="11" coveredmethods="9"/>
      <line num="1" count="1" type="stmt"/>
      <line num="5" count="1" type="stmt"/>
      <line num="6" count="2" type="stmt"/>
      <line num="9" count="1" type="stmt"/>
      <line num="10" count="2" type="stmt"/>
      <line num="13" count="1" type="stmt"/>
      <line num="14" count="2" type="cond" truecount="2" falsecount="0"/>
      <line num="17" count="1" type="stmt"/>
      <line num="21" count="1" type="stmt"/>
      <line num="22" count="1" type="stmt"/>
      <line num="23" count="1" type="stmt"/>
      <line num="28" count="1" type="stmt"/>
      <line num="29" count="1" type="cond" truecount="6" falsecount="2"/>
      <line num="31" count="0" type="stmt"/>
      <line num="35" count="1" type="stmt"/>
      <line num="36" count="5" type="stmt"/>
      <line num="37" count="5" type="stmt"/>
      <line num="38" count="5" type="stmt"/>
      <line num="40" count="5" type="cond" truecount="3" falsecount="1"/>
      <line num="41" count="5" type="stmt"/>
      <line num="42" count="5" type="cond" truecount="4" falsecount="0"/>
      <line num="44" count="5" type="stmt"/>
      <line num="47" count="1" type="stmt"/>
      <line num="48" count="2" type="stmt"/>
      <line num="51" count="1" type="stmt"/>
      <line num="53" count="0" type="stmt"/>
      <line num="54" count="0" type="stmt"/>
      <line num="55" count="0" type="stmt"/>
      <line num="59" count="1" type="stmt"/>
      <line num="60" count="3" type="cond" truecount="3" falsecount="0"/>
      <line num="63" count="1" type="stmt"/>
      <line num="64" count="4" type="cond" truecount="1" falsecount="0"/>
      <line num="70" count="1" type="stmt"/>
      <line num="71" count="3" type="stmt"/>
    </file>
  </project>
</coverage>
