{"C:\\Users\\LENOVO\\work\\propine\\blockchain-node\\src\\constants.ts": {"path":"C:\\Users\\LENOVO\\work\\propine\\blockchain-node\\src\\constants.ts","statementMap":{"0":{"start":{"line":1,"column":0},"end":{"line":1,"column":33}},"1":{"start":{"line":2,"column":0},"end":{"line":2,"column":16}},"2":{"start":{"line":4,"column":13},"end":{"line":4,"column":null}},"3":{"start":{"line":6,"column":13},"end":{"line":6,"column":79}},"4":{"start":{"line":7,"column":13},"end":{"line":7,"column":79}},"5":{"start":{"line":8,"column":13},"end":{"line":8,"column":49}}},"fnMap":{},"branchMap":{"0":{"loc":{"start":{"line":6,"column":38},"end":{"line":6,"column":78}},"type":"cond-expr","locations":[{"start":{"line":6,"column":72},"end":{"line":6,"column":76}},{"start":{"line":6,"column":76},"end":{"line":6,"column":78}}]},"1":{"loc":{"start":{"line":6,"column":38},"end":{"line":6,"column":76}},"type":"binary-expr","locations":[{"start":{"line":6,"column":38},"end":{"line":6,"column":76}},{"start":{"line":6,"column":72},"end":{"line":6,"column":76}}]},"2":{"loc":{"start":{"line":7,"column":38},"end":{"line":7,"column":78}},"type":"cond-expr","locations":[{"start":{"line":7,"column":72},"end":{"line":7,"column":76}},{"start":{"line":7,"column":76},"end":{"line":7,"column":78}}]},"3":{"loc":{"start":{"line":7,"column":38},"end":{"line":7,"column":76}},"type":"binary-expr","locations":[{"start":{"line":7,"column":38},"end":{"line":7,"column":76}},{"start":{"line":7,"column":72},"end":{"line":7,"column":76}}]},"4":{"loc":{"start":{"line":8,"column":23},"end":{"line":8,"column":48}},"type":"cond-expr","locations":[{"start":{"line":8,"column":42},"end":{"line":8,"column":46}},{"start":{"line":8,"column":46},"end":{"line":8,"column":48}}]},"5":{"loc":{"start":{"line":8,"column":23},"end":{"line":8,"column":46}},"type":"binary-expr","locations":[{"start":{"line":8,"column":23},"end":{"line":8,"column":46}},{"start":{"line":8,"column":42},"end":{"line":8,"column":46}}]}},"s":{"0":1,"1":1,"2":1,"3":1,"4":1,"5":1},"f":{},"b":{"0":[1,0],"1":[1,1],"2":[1,0],"3":[1,1],"4":[1,0],"5":[1,1]}}
,"C:\\Users\\LENOVO\\work\\propine\\blockchain-node\\src\\utils.ts": {"path":"C:\\Users\\LENOVO\\work\\propine\\blockchain-node\\src\\utils.ts","statementMap":{"0":{"start":{"line":1,"column":0},"end":{"line":1,"column":31}},"1":{"start":{"line":5,"column":25},"end":{"line":7,"column":1}},"2":{"start":{"line":6,"column":2},"end":{"line":6,"column":57}},"3":{"start":{"line":5,"column":13},"end":{"line":5,"column":25}},"4":{"start":{"line":9,"column":28},"end":{"line":11,"column":1}},"5":{"start":{"line":10,"column":2},"end":{"line":10,"column":60}},"6":{"start":{"line":9,"column":13},"end":{"line":9,"column":28}},"7":{"start":{"line":13,"column":28},"end":{"line":15,"column":1}},"8":{"start":{"line":14,"column":2},"end":{"line":14,"column":54}},"9":{"start":{"line":13,"column":13},"end":{"line":13,"column":28}},"10":{"start":{"line":17,"column":32},"end":{"line":33,"column":2}},"11":{"start":{"line":21,"column":4},"end":{"line":33,"column":2}},"12":{"start":{"line":22,"column":2},"end":{"line":32,"column":null}},"13":{"start":{"line":23,"column":21},"end":{"line":27,"column":6}},"14":{"start":{"line":28,"column":25},"end":{"line":28,"column":46}},"15":{"start":{"line":29,"column":4},"end":{"line":29,"column":34}},"16":{"start":{"line":31,"column":4},"end":{"line":31,"column":14}},"17":{"start":{"line":17,"column":13},"end":{"line":17,"column":32}},"18":{"start":{"line":35,"column":31},"end":{"line":45,"column":1}},"19":{"start":{"line":36,"column":16},"end":{"line":36,"column":33}},"20":{"start":{"line":37,"column":15},"end":{"line":37,"column":34}},"21":{"start":{"line":38,"column":16},"end":{"line":38,"column":36}},"22":{"start":{"line":40,"column":4},"end":{"line":40,"column":63}},"23":{"start":{"line":41,"column":14},"end":{"line":41,"column":29}},"24":{"start":{"line":42,"column":21},"end":{"line":42,"column":72}},"25":{"start":{"line":44,"column":2},"end":{"line":44,"column":49}},"26":{"start":{"line":35,"column":13},"end":{"line":35,"column":31}},"27":{"start":{"line":47,"column":28},"end":{"line":49,"column":1}},"28":{"start":{"line":48,"column":2},"end":{"line":48,"column":32}},"29":{"start":{"line":47,"column":13},"end":{"line":47,"column":28}},"30":{"start":{"line":51,"column":31},"end":{"line":57,"column":1}},"31":{"start":{"line":53,"column":2},"end":{"line":53,"column":28}},"32":{"start":{"line":54,"column":2},"end":{"line":56,"column":5}},"33":{"start":{"line":55,"column":4},"end":{"line":55,"column":69}},"34":{"start":{"line":51,"column":13},"end":{"line":51,"column":31}},"35":{"start":{"line":59,"column":32},"end":{"line":61,"column":1}},"36":{"start":{"line":60,"column":2},"end":{"line":60,"column":75}},"37":{"start":{"line":59,"column":13},"end":{"line":59,"column":32}},"38":{"start":{"line":63,"column":36},"end":{"line":76,"column":1}},"39":{"start":{"line":64,"column":2},"end":{"line":70,"column":16}},"40":{"start":{"line":70,"column":4},"end":{"line":70,"column":16}},"41":{"start":{"line":71,"column":2},"end":{"line":75,"column":4}},"42":{"start":{"line":63,"column":13},"end":{"line":63,"column":36}}},"fnMap":{"0":{"name":"(anonymous_8)","decl":{"start":{"line":5,"column":25},"end":{"line":5,"column":26}},"loc":{"start":{"line":5,"column":66},"end":{"line":7,"column":1}}},"1":{"name":"(anonymous_9)","decl":{"start":{"line":9,"column":28},"end":{"line":9,"column":29}},"loc":{"start":{"line":9,"column":69},"end":{"line":11,"column":1}}},"2":{"name":"(anonymous_10)","decl":{"start":{"line":13,"column":28},"end":{"line":13,"column":29}},"loc":{"start":{"line":13,"column":44},"end":{"line":15,"column":1}}},"3":{"name":"(anonymous_11)","decl":{"start":{"line":17,"column":32},"end":{"line":17,"column":null}},"loc":{"start":{"line":21,"column":4},"end":{"line":33,"column":2}}},"4":{"name":"(anonymous_12)","decl":{"start":{"line":21,"column":4},"end":{"line":21,"column":null}},"loc":{"start":{"line":21,"column":4},"end":{"line":33,"column":1}}},"5":{"name":"(anonymous_13)","decl":{"start":{"line":35,"column":31},"end":{"line":35,"column":32}},"loc":{"start":{"line":35,"column":51},"end":{"line":45,"column":1}}},"6":{"name":"(anonymous_14)","decl":{"start":{"line":47,"column":28},"end":{"line":47,"column":29}},"loc":{"start":{"line":47,"column":70},"end":{"line":49,"column":1}}},"7":{"name":"(anonymous_15)","decl":{"start":{"line":51,"column":31},"end":{"line":51,"column":32}},"loc":{"start":{"line":51,"column":51},"end":{"line":57,"column":1}}},"8":{"name":"(anonymous_16)","decl":{"start":{"line":54,"column":17},"end":{"line":54,"column":18}},"loc":{"start":{"line":54,"column":26},"end":{"line":56,"column":3}}},"9":{"name":"(anonymous_17)","decl":{"start":{"line":59,"column":32},"end":{"line":59,"column":33}},"loc":{"start":{"line":59,"column":68},"end":{"line":61,"column":1}}},"10":{"name":"(anonymous_18)","decl":{"start":{"line":63,"column":36},"end":{"line":63,"column":37}},"loc":{"start":{"line":63,"column":75},"end":{"line":76,"column":1}}}},"branchMap":{"0":{"loc":{"start":{"line":14,"column":9},"end":{"line":14,"column":53}},"type":"cond-expr","locations":[{"start":{"line":14,"column":34},"end":{"line":14,"column":35}},{"start":{"line":14,"column":38},"end":{"line":14,"column":53}}]},"1":{"loc":{"start":{"line":29,"column":11},"end":{"line":29,"column":33}},"type":"cond-expr","locations":[{"start":{"line":29,"column":28},"end":{"line":29,"column":32}},{"start":{"line":29,"column":32},"end":{"line":29,"column":33}}]},"2":{"loc":{"start":{"line":29,"column":11},"end":{"line":29,"column":32}},"type":"binary-expr","locations":[{"start":{"line":29,"column":11},"end":{"line":29,"column":32}},{"start":{"line":29,"column":28},"end":{"line":29,"column":32}}]},"3":{"loc":{"start":{"line":29,"column":11},"end":{"line":29,"column":28}},"type":"cond-expr","locations":[{"start":{"line":29,"column":23},"end":{"line":29,"column":25}},{"start":{"line":29,"column":11},"end":{"line":29,"column":28}}]},"4":{"loc":{"start":{"line":29,"column":11},"end":{"line":29,"column":25}},"type":"binary-expr","locations":[{"start":{"line":29,"column":11},"end":{"line":29,"column":25}},{"start":{"line":29,"column":11},"end":{"line":29,"column":25}}]},"5":{"loc":{"start":{"line":40,"column":4},"end":{"line":40,"column":63}},"type":"cond-expr","locations":[{"start":{"line":40,"column":44},"end":{"line":40,"column":55}},{"start":{"line":40,"column":58},"end":{"line":40,"column":63}}]},"6":{"loc":{"start":{"line":40,"column":4},"end":{"line":40,"column":41}},"type":"binary-expr","locations":[{"start":{"line":40,"column":4},"end":{"line":40,"column":9}},{"start":{"line":40,"column":13},"end":{"line":40,"column":41}}]},"7":{"loc":{"start":{"line":42,"column":21},"end":{"line":42,"column":72}},"type":"cond-expr","locations":[{"start":{"line":42,"column":57},"end":{"line":42,"column":66}},{"start":{"line":42,"column":69},"end":{"line":42,"column":72}}]},"8":{"loc":{"start":{"line":42,"column":21},"end":{"line":42,"column":54}},"type":"binary-expr","locations":[{"start":{"line":42,"column":21},"end":{"line":42,"column":24}},{"start":{"line":42,"column":28},"end":{"line":42,"column":54}}]},"9":{"loc":{"start":{"line":60,"column":9},"end":{"line":60,"column":74}},"type":"binary-expr","locations":[{"start":{"line":60,"column":9},"end":{"line":60,"column":17}},{"start":{"line":60,"column":21},"end":{"line":60,"column":49}},{"start":{"line":60,"column":53},"end":{"line":60,"column":74}}]},"10":{"loc":{"start":{"line":64,"column":2},"end":{"line":70,"column":16}},"type":"if","locations":[{"start":{"line":64,"column":2},"end":{"line":70,"column":16}}]},"11":{"loc":{"start":{"line":65,"column":4},"end":{"line":68,"column":36}},"type":"binary-expr","locations":[{"start":{"line":65,"column":4},"end":{"line":65,"column":14}},{"start":{"line":66,"column":4},"end":{"line":66,"column":31}},{"start":{"line":67,"column":4},"end":{"line":67,"column":19}},{"start":{"line":68,"column":4},"end":{"line":68,"column":36}}]},"12":{"loc":{"start":{"line":72,"column":4},"end":{"line":74,"column":43}},"type":"binary-expr","locations":[{"start":{"line":72,"column":4},"end":{"line":72,"column":11}},{"start":{"line":73,"column":4},"end":{"line":73,"column":31}},{"start":{"line":74,"column":4},"end":{"line":74,"column":43}}]}},"s":{"0":1,"1":1,"2":2,"3":1,"4":1,"5":2,"6":1,"7":1,"8":2,"9":1,"10":1,"11":1,"12":1,"13":1,"14":1,"15":1,"16":0,"17":1,"18":1,"19":5,"20":5,"21":5,"22":5,"23":5,"24":5,"25":5,"26":1,"27":1,"28":2,"29":1,"30":1,"31":0,"32":0,"33":0,"34":1,"35":1,"36":3,"37":1,"38":1,"39":4,"40":1,"41":3,"42":1},"f":{"0":2,"1":2,"2":2,"3":1,"4":1,"5":5,"6":2,"7":0,"8":0,"9":3,"10":4},"b":{"0":[1,1],"1":[1,0],"2":[1,1],"3":[0,1],"4":[1,1],"5":[5,0],"6":[5,5],"7":[2,3],"8":[5,5],"9":[3,3,3],"10":[1],"11":[4,3,3,3],"12":[3,3,3]}}
}
