TN:
SF:src\constants.ts
FNF:0
FNH:0
DA:1,1
DA:2,1
DA:4,1
DA:6,1
DA:7,1
DA:8,1
LF:6
LH:6
BRDA:6,0,0,1
BRDA:6,0,1,0
BRDA:6,1,0,1
BRDA:6,1,1,1
BRDA:7,2,0,1
BRDA:7,2,1,0
BRDA:7,3,0,1
BRDA:7,3,1,1
BRDA:8,4,0,1
BRDA:8,4,1,0
BRDA:8,5,0,1
BRDA:8,5,1,1
BRF:12
BRH:9
end_of_record
TN:
SF:src\utils.ts
FN:5,(anonymous_8)
FN:9,(anonymous_9)
FN:13,(anonymous_10)
FN:17,(anonymous_11)
FN:21,(anonymous_12)
FN:35,(anonymous_13)
FN:47,(anonymous_14)
FN:51,(anonymous_15)
FN:54,(anonymous_16)
FN:59,(anonymous_17)
FN:63,(anonymous_18)
FNF:11
FNH:9
FNDA:2,(anonymous_8)
FNDA:2,(anonymous_9)
FNDA:2,(anonymous_10)
FNDA:1,(anonymous_11)
FNDA:1,(anonymous_12)
FNDA:5,(anonymous_13)
FNDA:2,(anonymous_14)
FNDA:0,(anonymous_15)
FNDA:0,(anonymous_16)
FNDA:3,(anonymous_17)
FNDA:4,(anonymous_18)
DA:1,1
DA:5,1
DA:6,2
DA:9,1
DA:10,2
DA:13,1
DA:14,2
DA:17,1
DA:21,1
DA:22,1
DA:23,1
DA:28,1
DA:29,1
DA:31,0
DA:35,1
DA:36,5
DA:37,5
DA:38,5
DA:40,5
DA:41,5
DA:42,5
DA:44,5
DA:47,1
DA:48,2
DA:51,1
DA:53,0
DA:54,0
DA:55,0
DA:59,1
DA:60,3
DA:63,1
DA:64,4
DA:70,1
DA:71,3
LF:34
LH:30
BRDA:14,0,0,1
BRDA:14,0,1,1
BRDA:29,1,0,1
BRDA:29,1,1,0
BRDA:29,2,0,1
BRDA:29,2,1,1
BRDA:29,3,0,0
BRDA:29,3,1,1
BRDA:29,4,0,1
BRDA:29,4,1,1
BRDA:40,5,0,5
BRDA:40,5,1,0
BRDA:40,6,0,5
BRDA:40,6,1,5
BRDA:42,7,0,2
BRDA:42,7,1,3
BRDA:42,8,0,5
BRDA:42,8,1,5
BRDA:60,9,0,3
BRDA:60,9,1,3
BRDA:60,9,2,3
BRDA:64,10,0,1
BRDA:65,11,0,4
BRDA:65,11,1,3
BRDA:65,11,2,3
BRDA:65,11,3,3
BRDA:72,12,0,3
BRDA:72,12,1,3
BRDA:72,12,2,3
BRF:29
BRH:26
end_of_record
